CRITICAL - 2024-10-20 12:14:49 --> ErrorException: Undefined variable $session
[Method: GET, Route: inventory/edit/12]
in APPPATH\Controllers\Inventory.php on line 75.
 1 APPPATH\Controllers\Inventory.php(75): CodeIgniter\Debug\Exceptions->errorHandler(2, 'Undefined variable $session', 'C:\\xampp\\htdocs\\crud\\app\\Controllers\\Inventory.php', 75)
 2 FCPATH\vendor\codeigniter4\framework\system\CodeIgniter.php(933): App\Controllers\Inventory->edit('12')
 3 FCPATH\vendor\codeigniter4\framework\system\CodeIgniter.php(509): CodeIgniter\CodeIgniter->runController(Object(App\Controllers\Inventory))
 4 FCPATH\vendor\codeigniter4\framework\system\CodeIgniter.php(355): CodeIgniter\CodeIgniter->handleRequest(null, Object(Config\Cache), false)
 5 SYSTEMPATH\Boot.php(325): CodeIgniter\CodeIgniter->run()
 6 SYSTEMPATH\Boot.php(67): CodeIgniter\Boot::runCodeIgniter(Object(CodeIgniter\CodeIgniter))
 7 FCPATH\index.php(56): CodeIgniter\Boot::bootWeb(Object(Config\Paths))
CRITICAL - 2024-10-20 12:14:50 --> ErrorException: Undefined variable $session
[Method: GET, Route: inventory/edit/12]
in APPPATH\Controllers\Inventory.php on line 75.
 1 APPPATH\Controllers\Inventory.php(75): CodeIgniter\Debug\Exceptions->errorHandler(2, 'Undefined variable $session', 'C:\\xampp\\htdocs\\crud\\app\\Controllers\\Inventory.php', 75)
 2 FCPATH\vendor\codeigniter4\framework\system\CodeIgniter.php(933): App\Controllers\Inventory->edit('12')
 3 FCPATH\vendor\codeigniter4\framework\system\CodeIgniter.php(509): CodeIgniter\CodeIgniter->runController(Object(App\Controllers\Inventory))
 4 FCPATH\vendor\codeigniter4\framework\system\CodeIgniter.php(355): CodeIgniter\CodeIgniter->handleRequest(null, Object(Config\Cache), false)
 5 SYSTEMPATH\Boot.php(325): CodeIgniter\CodeIgniter->run()
 6 SYSTEMPATH\Boot.php(67): CodeIgniter\Boot::runCodeIgniter(Object(CodeIgniter\CodeIgniter))
 7 FCPATH\index.php(56): CodeIgniter\Boot::bootWeb(Object(Config\Paths))
CRITICAL - 2024-10-20 12:14:55 --> ErrorException: Undefined variable $session
[Method: GET, Route: inventory/edit/12]
in APPPATH\Controllers\Inventory.php on line 75.
 1 APPPATH\Controllers\Inventory.php(75): CodeIgniter\Debug\Exceptions->errorHandler(2, 'Undefined variable $session', 'C:\\xampp\\htdocs\\crud\\app\\Controllers\\Inventory.php', 75)
 2 FCPATH\vendor\codeigniter4\framework\system\CodeIgniter.php(933): App\Controllers\Inventory->edit('12')
 3 FCPATH\vendor\codeigniter4\framework\system\CodeIgniter.php(509): CodeIgniter\CodeIgniter->runController(Object(App\Controllers\Inventory))
 4 FCPATH\vendor\codeigniter4\framework\system\CodeIgniter.php(355): CodeIgniter\CodeIgniter->handleRequest(null, Object(Config\Cache), false)
 5 SYSTEMPATH\Boot.php(325): CodeIgniter\CodeIgniter->run()
 6 SYSTEMPATH\Boot.php(67): CodeIgniter\Boot::runCodeIgniter(Object(CodeIgniter\CodeIgniter))
 7 FCPATH\index.php(56): CodeIgniter\Boot::bootWeb(Object(Config\Paths))
CRITICAL - 2024-10-20 12:14:56 --> ErrorException: Undefined variable $session
[Method: GET, Route: inventory/edit/12]
in APPPATH\Controllers\Inventory.php on line 75.
 1 APPPATH\Controllers\Inventory.php(75): CodeIgniter\Debug\Exceptions->errorHandler(2, 'Undefined variable $session', 'C:\\xampp\\htdocs\\crud\\app\\Controllers\\Inventory.php', 75)
 2 FCPATH\vendor\codeigniter4\framework\system\CodeIgniter.php(933): App\Controllers\Inventory->edit('12')
 3 FCPATH\vendor\codeigniter4\framework\system\CodeIgniter.php(509): CodeIgniter\CodeIgniter->runController(Object(App\Controllers\Inventory))
 4 FCPATH\vendor\codeigniter4\framework\system\CodeIgniter.php(355): CodeIgniter\CodeIgniter->handleRequest(null, Object(Config\Cache), false)
 5 SYSTEMPATH\Boot.php(325): CodeIgniter\CodeIgniter->run()
 6 SYSTEMPATH\Boot.php(67): CodeIgniter\Boot::runCodeIgniter(Object(CodeIgniter\CodeIgniter))
 7 FCPATH\index.php(56): CodeIgniter\Boot::bootWeb(Object(Config\Paths))
CRITICAL - 2024-10-20 12:15:04 --> ErrorException: Undefined variable $session
[Method: GET, Route: inventory/edit/12]
in APPPATH\Controllers\Inventory.php on line 75.
 1 APPPATH\Controllers\Inventory.php(75): CodeIgniter\Debug\Exceptions->errorHandler(2, 'Undefined variable $session', 'C:\\xampp\\htdocs\\crud\\app\\Controllers\\Inventory.php', 75)
 2 FCPATH\vendor\codeigniter4\framework\system\CodeIgniter.php(933): App\Controllers\Inventory->edit('12')
 3 FCPATH\vendor\codeigniter4\framework\system\CodeIgniter.php(509): CodeIgniter\CodeIgniter->runController(Object(App\Controllers\Inventory))
 4 FCPATH\vendor\codeigniter4\framework\system\CodeIgniter.php(355): CodeIgniter\CodeIgniter->handleRequest(null, Object(Config\Cache), false)
 5 SYSTEMPATH\Boot.php(325): CodeIgniter\CodeIgniter->run()
 6 SYSTEMPATH\Boot.php(67): CodeIgniter\Boot::runCodeIgniter(Object(CodeIgniter\CodeIgniter))
 7 FCPATH\index.php(56): CodeIgniter\Boot::bootWeb(Object(Config\Paths))
