CRITICAL - 2024-10-07 06:40:27 --> ErrorException: Undefined variable $students_detail
[Method: GET, Route: /]
in APPPATH\Views\list.php on line 39.
 1 APPPATH\Views\list.php(39): CodeIgniter\Debug\Exceptions->errorHandler(2, 'Undefined variable $students_detail', 'C:\\xampp\\htdocs\\crud\\app\\Views\\list.php', 39)
 2 FCPATH\vendor\codeigniter4\framework\system\View\View.php(234): include('C:\\xampp\\htdocs\\crud\\app\\Views\\list.php')
 3 FCPATH\vendor\codeigniter4\framework\system\View\View.php(237): CodeIgniter\View\View->CodeIgniter\View\{closure}()
 4 SYSTEMPATH\Common.php(1171): CodeIgniter\View\View->render('list', [], true)
 5 APPPATH\Controllers\Home.php(9): view('list')
 6 FCPATH\vendor\codeigniter4\framework\system\CodeIgniter.php(933): App\Controllers\Home->index()
 7 FCPATH\vendor\codeigniter4\framework\system\CodeIgniter.php(509): CodeIgniter\CodeIgniter->runController(Object(App\Controllers\Home))
 8 FCPATH\vendor\codeigniter4\framework\system\CodeIgniter.php(355): CodeIgniter\CodeIgniter->handleRequest(null, Object(Config\Cache), false)
 9 SYSTEMPATH\Boot.php(325): CodeIgniter\CodeIgniter->run()
10 SYSTEMPATH\Boot.php(67): CodeIgniter\Boot::runCodeIgniter(Object(CodeIgniter\CodeIgniter))
11 FCPATH\index.php(56): CodeIgniter\Boot::bootWeb(Object(Config\Paths))
CRITICAL - 2024-10-07 06:41:17 --> ErrorException: Undefined variable $students_detail
[Method: GET, Route: /]
in APPPATH\Views\list.php on line 39.
 1 APPPATH\Views\list.php(39): CodeIgniter\Debug\Exceptions->errorHandler(2, 'Undefined variable $students_detail', 'C:\\xampp\\htdocs\\crud\\app\\Views\\list.php', 39)
 2 FCPATH\vendor\codeigniter4\framework\system\View\View.php(234): include('C:\\xampp\\htdocs\\crud\\app\\Views\\list.php')
 3 FCPATH\vendor\codeigniter4\framework\system\View\View.php(237): CodeIgniter\View\View->CodeIgniter\View\{closure}()
 4 SYSTEMPATH\Common.php(1171): CodeIgniter\View\View->render('list', [], true)
 5 APPPATH\Controllers\Home.php(9): view('list')
 6 FCPATH\vendor\codeigniter4\framework\system\CodeIgniter.php(933): App\Controllers\Home->index()
 7 FCPATH\vendor\codeigniter4\framework\system\CodeIgniter.php(509): CodeIgniter\CodeIgniter->runController(Object(App\Controllers\Home))
 8 FCPATH\vendor\codeigniter4\framework\system\CodeIgniter.php(355): CodeIgniter\CodeIgniter->handleRequest(null, Object(Config\Cache), false)
 9 SYSTEMPATH\Boot.php(325): CodeIgniter\CodeIgniter->run()
10 SYSTEMPATH\Boot.php(67): CodeIgniter\Boot::runCodeIgniter(Object(CodeIgniter\CodeIgniter))
11 FCPATH\index.php(56): CodeIgniter\Boot::bootWeb(Object(Config\Paths))
CRITICAL - 2024-10-07 06:41:32 --> ErrorException: Undefined variable $students_detail
[Method: GET, Route: /]
in APPPATH\Views\list.php on line 39.
 1 APPPATH\Views\list.php(39): CodeIgniter\Debug\Exceptions->errorHandler(2, 'Undefined variable $students_detail', 'C:\\xampp\\htdocs\\crud\\app\\Views\\list.php', 39)
 2 FCPATH\vendor\codeigniter4\framework\system\View\View.php(234): include('C:\\xampp\\htdocs\\crud\\app\\Views\\list.php')
 3 FCPATH\vendor\codeigniter4\framework\system\View\View.php(237): CodeIgniter\View\View->CodeIgniter\View\{closure}()
 4 SYSTEMPATH\Common.php(1171): CodeIgniter\View\View->render('list', [], true)
 5 APPPATH\Controllers\Home.php(9): view('list')
 6 FCPATH\vendor\codeigniter4\framework\system\CodeIgniter.php(933): App\Controllers\Home->index()
 7 FCPATH\vendor\codeigniter4\framework\system\CodeIgniter.php(509): CodeIgniter\CodeIgniter->runController(Object(App\Controllers\Home))
 8 FCPATH\vendor\codeigniter4\framework\system\CodeIgniter.php(355): CodeIgniter\CodeIgniter->handleRequest(null, Object(Config\Cache), false)
 9 SYSTEMPATH\Boot.php(325): CodeIgniter\CodeIgniter->run()
10 SYSTEMPATH\Boot.php(67): CodeIgniter\Boot::runCodeIgniter(Object(CodeIgniter\CodeIgniter))
11 FCPATH\index.php(56): CodeIgniter\Boot::bootWeb(Object(Config\Paths))
CRITICAL - 2024-10-07 06:43:23 --> ErrorException: Undefined variable $students_detail
[Method: GET, Route: /]
in APPPATH\Views\list.php on line 39.
 1 APPPATH\Views\list.php(39): CodeIgniter\Debug\Exceptions->errorHandler(2, 'Undefined variable $students_detail', 'C:\\xampp\\htdocs\\crud\\app\\Views\\list.php', 39)
 2 FCPATH\vendor\codeigniter4\framework\system\View\View.php(234): include('C:\\xampp\\htdocs\\crud\\app\\Views\\list.php')
 3 FCPATH\vendor\codeigniter4\framework\system\View\View.php(237): CodeIgniter\View\View->CodeIgniter\View\{closure}()
 4 SYSTEMPATH\Common.php(1171): CodeIgniter\View\View->render('list', [], true)
 5 APPPATH\Controllers\Home.php(9): view('list')
 6 FCPATH\vendor\codeigniter4\framework\system\CodeIgniter.php(933): App\Controllers\Home->index()
 7 FCPATH\vendor\codeigniter4\framework\system\CodeIgniter.php(509): CodeIgniter\CodeIgniter->runController(Object(App\Controllers\Home))
 8 FCPATH\vendor\codeigniter4\framework\system\CodeIgniter.php(355): CodeIgniter\CodeIgniter->handleRequest(null, Object(Config\Cache), false)
 9 SYSTEMPATH\Boot.php(325): CodeIgniter\CodeIgniter->run()
10 SYSTEMPATH\Boot.php(67): CodeIgniter\Boot::runCodeIgniter(Object(CodeIgniter\CodeIgniter))
11 FCPATH\index.php(56): CodeIgniter\Boot::bootWeb(Object(Config\Paths))
CRITICAL - 2024-10-07 06:43:24 --> ErrorException: Undefined variable $students_detail
[Method: GET, Route: /]
in APPPATH\Views\list.php on line 39.
 1 APPPATH\Views\list.php(39): CodeIgniter\Debug\Exceptions->errorHandler(2, 'Undefined variable $students_detail', 'C:\\xampp\\htdocs\\crud\\app\\Views\\list.php', 39)
 2 FCPATH\vendor\codeigniter4\framework\system\View\View.php(234): include('C:\\xampp\\htdocs\\crud\\app\\Views\\list.php')
 3 FCPATH\vendor\codeigniter4\framework\system\View\View.php(237): CodeIgniter\View\View->CodeIgniter\View\{closure}()
 4 SYSTEMPATH\Common.php(1171): CodeIgniter\View\View->render('list', [], true)
 5 APPPATH\Controllers\Home.php(9): view('list')
 6 FCPATH\vendor\codeigniter4\framework\system\CodeIgniter.php(933): App\Controllers\Home->index()
 7 FCPATH\vendor\codeigniter4\framework\system\CodeIgniter.php(509): CodeIgniter\CodeIgniter->runController(Object(App\Controllers\Home))
 8 FCPATH\vendor\codeigniter4\framework\system\CodeIgniter.php(355): CodeIgniter\CodeIgniter->handleRequest(null, Object(Config\Cache), false)
 9 SYSTEMPATH\Boot.php(325): CodeIgniter\CodeIgniter->run()
10 SYSTEMPATH\Boot.php(67): CodeIgniter\Boot::runCodeIgniter(Object(CodeIgniter\CodeIgniter))
11 FCPATH\index.php(56): CodeIgniter\Boot::bootWeb(Object(Config\Paths))
CRITICAL - 2024-10-07 06:43:35 --> ErrorException: Undefined variable $students_detail
[Method: GET, Route: /]
in APPPATH\Views\list.php on line 39.
 1 APPPATH\Views\list.php(39): CodeIgniter\Debug\Exceptions->errorHandler(2, 'Undefined variable $students_detail', 'C:\\xampp\\htdocs\\crud\\app\\Views\\list.php', 39)
 2 FCPATH\vendor\codeigniter4\framework\system\View\View.php(234): include('C:\\xampp\\htdocs\\crud\\app\\Views\\list.php')
 3 FCPATH\vendor\codeigniter4\framework\system\View\View.php(237): CodeIgniter\View\View->CodeIgniter\View\{closure}()
 4 SYSTEMPATH\Common.php(1171): CodeIgniter\View\View->render('list', [], true)
 5 APPPATH\Controllers\Home.php(9): view('list')
 6 FCPATH\vendor\codeigniter4\framework\system\CodeIgniter.php(933): App\Controllers\Home->index()
 7 FCPATH\vendor\codeigniter4\framework\system\CodeIgniter.php(509): CodeIgniter\CodeIgniter->runController(Object(App\Controllers\Home))
 8 FCPATH\vendor\codeigniter4\framework\system\CodeIgniter.php(355): CodeIgniter\CodeIgniter->handleRequest(null, Object(Config\Cache), false)
 9 SYSTEMPATH\Boot.php(325): CodeIgniter\CodeIgniter->run()
10 SYSTEMPATH\Boot.php(67): CodeIgniter\Boot::runCodeIgniter(Object(CodeIgniter\CodeIgniter))
11 FCPATH\index.php(56): CodeIgniter\Boot::bootWeb(Object(Config\Paths))
CRITICAL - 2024-10-07 06:44:18 --> ErrorException: Undefined variable $students_detail
[Method: GET, Route: /]
in APPPATH\Views\list.php on line 39.
 1 APPPATH\Views\list.php(39): CodeIgniter\Debug\Exceptions->errorHandler(2, 'Undefined variable $students_detail', 'C:\\xampp\\htdocs\\crud\\app\\Views\\list.php', 39)
 2 FCPATH\vendor\codeigniter4\framework\system\View\View.php(234): include('C:\\xampp\\htdocs\\crud\\app\\Views\\list.php')
 3 FCPATH\vendor\codeigniter4\framework\system\View\View.php(237): CodeIgniter\View\View->CodeIgniter\View\{closure}()
 4 SYSTEMPATH\Common.php(1171): CodeIgniter\View\View->render('list', [], true)
 5 APPPATH\Controllers\Home.php(9): view('list')
 6 FCPATH\vendor\codeigniter4\framework\system\CodeIgniter.php(933): App\Controllers\Home->index()
 7 FCPATH\vendor\codeigniter4\framework\system\CodeIgniter.php(509): CodeIgniter\CodeIgniter->runController(Object(App\Controllers\Home))
 8 FCPATH\vendor\codeigniter4\framework\system\CodeIgniter.php(355): CodeIgniter\CodeIgniter->handleRequest(null, Object(Config\Cache), false)
 9 SYSTEMPATH\Boot.php(325): CodeIgniter\CodeIgniter->run()
10 SYSTEMPATH\Boot.php(67): CodeIgniter\Boot::runCodeIgniter(Object(CodeIgniter\CodeIgniter))
11 FCPATH\index.php(56): CodeIgniter\Boot::bootWeb(Object(Config\Paths))
CRITICAL - 2024-10-07 06:46:57 --> ErrorException: Undefined variable $students_detail
[Method: GET, Route: /]
in APPPATH\Views\list.php on line 39.
 1 APPPATH\Views\list.php(39): CodeIgniter\Debug\Exceptions->errorHandler(2, 'Undefined variable $students_detail', 'C:\\xampp\\htdocs\\crud\\app\\Views\\list.php', 39)
 2 FCPATH\vendor\codeigniter4\framework\system\View\View.php(234): include('C:\\xampp\\htdocs\\crud\\app\\Views\\list.php')
 3 FCPATH\vendor\codeigniter4\framework\system\View\View.php(237): CodeIgniter\View\View->CodeIgniter\View\{closure}()
 4 SYSTEMPATH\Common.php(1171): CodeIgniter\View\View->render('list', [], true)
 5 APPPATH\Controllers\Home.php(9): view('list')
 6 FCPATH\vendor\codeigniter4\framework\system\CodeIgniter.php(933): App\Controllers\Home->index()
 7 FCPATH\vendor\codeigniter4\framework\system\CodeIgniter.php(509): CodeIgniter\CodeIgniter->runController(Object(App\Controllers\Home))
 8 FCPATH\vendor\codeigniter4\framework\system\CodeIgniter.php(355): CodeIgniter\CodeIgniter->handleRequest(null, Object(Config\Cache), false)
 9 SYSTEMPATH\Boot.php(325): CodeIgniter\CodeIgniter->run()
10 SYSTEMPATH\Boot.php(67): CodeIgniter\Boot::runCodeIgniter(Object(CodeIgniter\CodeIgniter))
11 FCPATH\index.php(56): CodeIgniter\Boot::bootWeb(Object(Config\Paths))
CRITICAL - 2024-10-07 06:46:59 --> ErrorException: Undefined variable $students_detail
[Method: GET, Route: /]
in APPPATH\Views\list.php on line 39.
 1 APPPATH\Views\list.php(39): CodeIgniter\Debug\Exceptions->errorHandler(2, 'Undefined variable $students_detail', 'C:\\xampp\\htdocs\\crud\\app\\Views\\list.php', 39)
 2 FCPATH\vendor\codeigniter4\framework\system\View\View.php(234): include('C:\\xampp\\htdocs\\crud\\app\\Views\\list.php')
 3 FCPATH\vendor\codeigniter4\framework\system\View\View.php(237): CodeIgniter\View\View->CodeIgniter\View\{closure}()
 4 SYSTEMPATH\Common.php(1171): CodeIgniter\View\View->render('list', [], true)
 5 APPPATH\Controllers\Home.php(9): view('list')
 6 FCPATH\vendor\codeigniter4\framework\system\CodeIgniter.php(933): App\Controllers\Home->index()
 7 FCPATH\vendor\codeigniter4\framework\system\CodeIgniter.php(509): CodeIgniter\CodeIgniter->runController(Object(App\Controllers\Home))
 8 FCPATH\vendor\codeigniter4\framework\system\CodeIgniter.php(355): CodeIgniter\CodeIgniter->handleRequest(null, Object(Config\Cache), false)
 9 SYSTEMPATH\Boot.php(325): CodeIgniter\CodeIgniter->run()
10 SYSTEMPATH\Boot.php(67): CodeIgniter\Boot::runCodeIgniter(Object(CodeIgniter\CodeIgniter))
11 FCPATH\index.php(56): CodeIgniter\Boot::bootWeb(Object(Config\Paths))
CRITICAL - 2024-10-07 06:46:59 --> ErrorException: Undefined variable $students_detail
[Method: GET, Route: /]
in APPPATH\Views\list.php on line 39.
 1 APPPATH\Views\list.php(39): CodeIgniter\Debug\Exceptions->errorHandler(2, 'Undefined variable $students_detail', 'C:\\xampp\\htdocs\\crud\\app\\Views\\list.php', 39)
 2 FCPATH\vendor\codeigniter4\framework\system\View\View.php(234): include('C:\\xampp\\htdocs\\crud\\app\\Views\\list.php')
 3 FCPATH\vendor\codeigniter4\framework\system\View\View.php(237): CodeIgniter\View\View->CodeIgniter\View\{closure}()
 4 SYSTEMPATH\Common.php(1171): CodeIgniter\View\View->render('list', [], true)
 5 APPPATH\Controllers\Home.php(9): view('list')
 6 FCPATH\vendor\codeigniter4\framework\system\CodeIgniter.php(933): App\Controllers\Home->index()
 7 FCPATH\vendor\codeigniter4\framework\system\CodeIgniter.php(509): CodeIgniter\CodeIgniter->runController(Object(App\Controllers\Home))
 8 FCPATH\vendor\codeigniter4\framework\system\CodeIgniter.php(355): CodeIgniter\CodeIgniter->handleRequest(null, Object(Config\Cache), false)
 9 SYSTEMPATH\Boot.php(325): CodeIgniter\CodeIgniter->run()
10 SYSTEMPATH\Boot.php(67): CodeIgniter\Boot::runCodeIgniter(Object(CodeIgniter\CodeIgniter))
11 FCPATH\index.php(56): CodeIgniter\Boot::bootWeb(Object(Config\Paths))
CRITICAL - 2024-10-07 06:49:18 --> Error: Class "App\Controllers\StudentModel" not found
[Method: GET, Route: /]
in APPPATH\Controllers\Home.php on line 9.
 1 FCPATH\vendor\codeigniter4\framework\system\CodeIgniter.php(933): App\Controllers\Home->index()
 2 FCPATH\vendor\codeigniter4\framework\system\CodeIgniter.php(509): CodeIgniter\CodeIgniter->runController(Object(App\Controllers\Home))
 3 FCPATH\vendor\codeigniter4\framework\system\CodeIgniter.php(355): CodeIgniter\CodeIgniter->handleRequest(null, Object(Config\Cache), false)
 4 SYSTEMPATH\Boot.php(325): CodeIgniter\CodeIgniter->run()
 5 SYSTEMPATH\Boot.php(67): CodeIgniter\Boot::runCodeIgniter(Object(CodeIgniter\CodeIgniter))
 6 FCPATH\index.php(56): CodeIgniter\Boot::bootWeb(Object(Config\Paths))
CRITICAL - 2024-10-07 06:49:23 --> Error: Class "App\Controllers\StudentModel" not found
[Method: GET, Route: /]
in APPPATH\Controllers\Home.php on line 9.
 1 FCPATH\vendor\codeigniter4\framework\system\CodeIgniter.php(933): App\Controllers\Home->index()
 2 FCPATH\vendor\codeigniter4\framework\system\CodeIgniter.php(509): CodeIgniter\CodeIgniter->runController(Object(App\Controllers\Home))
 3 FCPATH\vendor\codeigniter4\framework\system\CodeIgniter.php(355): CodeIgniter\CodeIgniter->handleRequest(null, Object(Config\Cache), false)
 4 SYSTEMPATH\Boot.php(325): CodeIgniter\CodeIgniter->run()
 5 SYSTEMPATH\Boot.php(67): CodeIgniter\Boot::runCodeIgniter(Object(CodeIgniter\CodeIgniter))
 6 FCPATH\index.php(56): CodeIgniter\Boot::bootWeb(Object(Config\Paths))
CRITICAL - 2024-10-07 06:49:32 --> Error: Class "App\Controllers\StudentModel" not found
[Method: GET, Route: /]
in APPPATH\Controllers\Home.php on line 9.
 1 FCPATH\vendor\codeigniter4\framework\system\CodeIgniter.php(933): App\Controllers\Home->index()
 2 FCPATH\vendor\codeigniter4\framework\system\CodeIgniter.php(509): CodeIgniter\CodeIgniter->runController(Object(App\Controllers\Home))
 3 FCPATH\vendor\codeigniter4\framework\system\CodeIgniter.php(355): CodeIgniter\CodeIgniter->handleRequest(null, Object(Config\Cache), false)
 4 SYSTEMPATH\Boot.php(325): CodeIgniter\CodeIgniter->run()
 5 SYSTEMPATH\Boot.php(67): CodeIgniter\Boot::runCodeIgniter(Object(CodeIgniter\CodeIgniter))
 6 FCPATH\index.php(56): CodeIgniter\Boot::bootWeb(Object(Config\Paths))
CRITICAL - 2024-10-07 06:51:21 --> Error: Class "App\Controllers\StudentModel" not found
[Method: GET, Route: /]
in APPPATH\Controllers\Home.php on line 9.
 1 FCPATH\vendor\codeigniter4\framework\system\CodeIgniter.php(933): App\Controllers\Home->index()
 2 FCPATH\vendor\codeigniter4\framework\system\CodeIgniter.php(509): CodeIgniter\CodeIgniter->runController(Object(App\Controllers\Home))
 3 FCPATH\vendor\codeigniter4\framework\system\CodeIgniter.php(355): CodeIgniter\CodeIgniter->handleRequest(null, Object(Config\Cache), false)
 4 SYSTEMPATH\Boot.php(325): CodeIgniter\CodeIgniter->run()
 5 SYSTEMPATH\Boot.php(67): CodeIgniter\Boot::runCodeIgniter(Object(CodeIgniter\CodeIgniter))
 6 FCPATH\index.php(56): CodeIgniter\Boot::bootWeb(Object(Config\Paths))
CRITICAL - 2024-10-07 06:51:22 --> Error: Class "App\Controllers\StudentModel" not found
[Method: GET, Route: /]
in APPPATH\Controllers\Home.php on line 9.
 1 FCPATH\vendor\codeigniter4\framework\system\CodeIgniter.php(933): App\Controllers\Home->index()
 2 FCPATH\vendor\codeigniter4\framework\system\CodeIgniter.php(509): CodeIgniter\CodeIgniter->runController(Object(App\Controllers\Home))
 3 FCPATH\vendor\codeigniter4\framework\system\CodeIgniter.php(355): CodeIgniter\CodeIgniter->handleRequest(null, Object(Config\Cache), false)
 4 SYSTEMPATH\Boot.php(325): CodeIgniter\CodeIgniter->run()
 5 SYSTEMPATH\Boot.php(67): CodeIgniter\Boot::runCodeIgniter(Object(CodeIgniter\CodeIgniter))
 6 FCPATH\index.php(56): CodeIgniter\Boot::bootWeb(Object(Config\Paths))
CRITICAL - 2024-10-07 06:51:25 --> Error: Class "App\Controllers\StudentModel" not found
[Method: GET, Route: /]
in APPPATH\Controllers\Home.php on line 9.
 1 FCPATH\vendor\codeigniter4\framework\system\CodeIgniter.php(933): App\Controllers\Home->index()
 2 FCPATH\vendor\codeigniter4\framework\system\CodeIgniter.php(509): CodeIgniter\CodeIgniter->runController(Object(App\Controllers\Home))
 3 FCPATH\vendor\codeigniter4\framework\system\CodeIgniter.php(355): CodeIgniter\CodeIgniter->handleRequest(null, Object(Config\Cache), false)
 4 SYSTEMPATH\Boot.php(325): CodeIgniter\CodeIgniter->run()
 5 SYSTEMPATH\Boot.php(67): CodeIgniter\Boot::runCodeIgniter(Object(CodeIgniter\CodeIgniter))
 6 FCPATH\index.php(56): CodeIgniter\Boot::bootWeb(Object(Config\Paths))
CRITICAL - 2024-10-07 06:54:52 --> Error: Class "App\Controllers\StudentModel" not found
[Method: GET, Route: /]
in APPPATH\Controllers\Home.php on line 9.
 1 FCPATH\vendor\codeigniter4\framework\system\CodeIgniter.php(933): App\Controllers\Home->index()
 2 FCPATH\vendor\codeigniter4\framework\system\CodeIgniter.php(509): CodeIgniter\CodeIgniter->runController(Object(App\Controllers\Home))
 3 FCPATH\vendor\codeigniter4\framework\system\CodeIgniter.php(355): CodeIgniter\CodeIgniter->handleRequest(null, Object(Config\Cache), false)
 4 SYSTEMPATH\Boot.php(325): CodeIgniter\CodeIgniter->run()
 5 SYSTEMPATH\Boot.php(67): CodeIgniter\Boot::runCodeIgniter(Object(CodeIgniter\CodeIgniter))
 6 FCPATH\index.php(56): CodeIgniter\Boot::bootWeb(Object(Config\Paths))
CRITICAL - 2024-10-07 06:55:00 --> Error: Class "App\Controllers\StudentModel" not found
[Method: GET, Route: /]
in APPPATH\Controllers\Home.php on line 9.
 1 FCPATH\vendor\codeigniter4\framework\system\CodeIgniter.php(933): App\Controllers\Home->index()
 2 FCPATH\vendor\codeigniter4\framework\system\CodeIgniter.php(509): CodeIgniter\CodeIgniter->runController(Object(App\Controllers\Home))
 3 FCPATH\vendor\codeigniter4\framework\system\CodeIgniter.php(355): CodeIgniter\CodeIgniter->handleRequest(null, Object(Config\Cache), false)
 4 SYSTEMPATH\Boot.php(325): CodeIgniter\CodeIgniter->run()
 5 SYSTEMPATH\Boot.php(67): CodeIgniter\Boot::runCodeIgniter(Object(CodeIgniter\CodeIgniter))
 6 FCPATH\index.php(56): CodeIgniter\Boot::bootWeb(Object(Config\Paths))
CRITICAL - 2024-10-07 07:26:24 --> TypeError: App\Controllers\Home::index(): Return value must be of type string, CodeIgniter\HTTP\RedirectResponse returned
[Method: GET, Route: /]
in APPPATH\Controllers\Home.php on line 12.
 1 FCPATH\vendor\codeigniter4\framework\system\CodeIgniter.php(933): App\Controllers\Home->index()
 2 FCPATH\vendor\codeigniter4\framework\system\CodeIgniter.php(509): CodeIgniter\CodeIgniter->runController(Object(App\Controllers\Home))
 3 FCPATH\vendor\codeigniter4\framework\system\CodeIgniter.php(355): CodeIgniter\CodeIgniter->handleRequest(null, Object(Config\Cache), false)
 4 SYSTEMPATH\Boot.php(325): CodeIgniter\CodeIgniter->run()
 5 SYSTEMPATH\Boot.php(67): CodeIgniter\Boot::runCodeIgniter(Object(CodeIgniter\CodeIgniter))
 6 FCPATH\index.php(56): CodeIgniter\Boot::bootWeb(Object(Config\Paths))
CRITICAL - 2024-10-07 07:26:27 --> TypeError: App\Controllers\Home::index(): Return value must be of type string, CodeIgniter\HTTP\RedirectResponse returned
[Method: GET, Route: /]
in APPPATH\Controllers\Home.php on line 12.
 1 FCPATH\vendor\codeigniter4\framework\system\CodeIgniter.php(933): App\Controllers\Home->index()
 2 FCPATH\vendor\codeigniter4\framework\system\CodeIgniter.php(509): CodeIgniter\CodeIgniter->runController(Object(App\Controllers\Home))
 3 FCPATH\vendor\codeigniter4\framework\system\CodeIgniter.php(355): CodeIgniter\CodeIgniter->handleRequest(null, Object(Config\Cache), false)
 4 SYSTEMPATH\Boot.php(325): CodeIgniter\CodeIgniter->run()
 5 SYSTEMPATH\Boot.php(67): CodeIgniter\Boot::runCodeIgniter(Object(CodeIgniter\CodeIgniter))
 6 FCPATH\index.php(56): CodeIgniter\Boot::bootWeb(Object(Config\Paths))
CRITICAL - 2024-10-07 07:26:51 --> TypeError: App\Controllers\Home::index(): Return value must be of type string, CodeIgniter\HTTP\RedirectResponse returned
[Method: GET, Route: /]
in APPPATH\Controllers\Home.php on line 12.
 1 FCPATH\vendor\codeigniter4\framework\system\CodeIgniter.php(933): App\Controllers\Home->index()
 2 FCPATH\vendor\codeigniter4\framework\system\CodeIgniter.php(509): CodeIgniter\CodeIgniter->runController(Object(App\Controllers\Home))
 3 FCPATH\vendor\codeigniter4\framework\system\CodeIgniter.php(355): CodeIgniter\CodeIgniter->handleRequest(null, Object(Config\Cache), false)
 4 SYSTEMPATH\Boot.php(325): CodeIgniter\CodeIgniter->run()
 5 SYSTEMPATH\Boot.php(67): CodeIgniter\Boot::runCodeIgniter(Object(CodeIgniter\CodeIgniter))
 6 FCPATH\index.php(56): CodeIgniter\Boot::bootWeb(Object(Config\Paths))
CRITICAL - 2024-10-07 07:28:57 --> TypeError: App\Controllers\Home::index(): Return value must be of type string, CodeIgniter\HTTP\RedirectResponse returned
[Method: GET, Route: /]
in APPPATH\Controllers\Home.php on line 12.
 1 FCPATH\vendor\codeigniter4\framework\system\CodeIgniter.php(933): App\Controllers\Home->index()
 2 FCPATH\vendor\codeigniter4\framework\system\CodeIgniter.php(509): CodeIgniter\CodeIgniter->runController(Object(App\Controllers\Home))
 3 FCPATH\vendor\codeigniter4\framework\system\CodeIgniter.php(355): CodeIgniter\CodeIgniter->handleRequest(null, Object(Config\Cache), false)
 4 SYSTEMPATH\Boot.php(325): CodeIgniter\CodeIgniter->run()
 5 SYSTEMPATH\Boot.php(67): CodeIgniter\Boot::runCodeIgniter(Object(CodeIgniter\CodeIgniter))
 6 FCPATH\index.php(56): CodeIgniter\Boot::bootWeb(Object(Config\Paths))
CRITICAL - 2024-10-07 07:28:58 --> TypeError: App\Controllers\Home::index(): Return value must be of type string, CodeIgniter\HTTP\RedirectResponse returned
[Method: GET, Route: /]
in APPPATH\Controllers\Home.php on line 12.
 1 FCPATH\vendor\codeigniter4\framework\system\CodeIgniter.php(933): App\Controllers\Home->index()
 2 FCPATH\vendor\codeigniter4\framework\system\CodeIgniter.php(509): CodeIgniter\CodeIgniter->runController(Object(App\Controllers\Home))
 3 FCPATH\vendor\codeigniter4\framework\system\CodeIgniter.php(355): CodeIgniter\CodeIgniter->handleRequest(null, Object(Config\Cache), false)
 4 SYSTEMPATH\Boot.php(325): CodeIgniter\CodeIgniter->run()
 5 SYSTEMPATH\Boot.php(67): CodeIgniter\Boot::runCodeIgniter(Object(CodeIgniter\CodeIgniter))
 6 FCPATH\index.php(56): CodeIgniter\Boot::bootWeb(Object(Config\Paths))
CRITICAL - 2024-10-07 07:29:01 --> TypeError: App\Controllers\Home::index(): Return value must be of type string, CodeIgniter\HTTP\RedirectResponse returned
[Method: GET, Route: /]
in APPPATH\Controllers\Home.php on line 12.
 1 FCPATH\vendor\codeigniter4\framework\system\CodeIgniter.php(933): App\Controllers\Home->index()
 2 FCPATH\vendor\codeigniter4\framework\system\CodeIgniter.php(509): CodeIgniter\CodeIgniter->runController(Object(App\Controllers\Home))
 3 FCPATH\vendor\codeigniter4\framework\system\CodeIgniter.php(355): CodeIgniter\CodeIgniter->handleRequest(null, Object(Config\Cache), false)
 4 SYSTEMPATH\Boot.php(325): CodeIgniter\CodeIgniter->run()
 5 SYSTEMPATH\Boot.php(67): CodeIgniter\Boot::runCodeIgniter(Object(CodeIgniter\CodeIgniter))
 6 FCPATH\index.php(56): CodeIgniter\Boot::bootWeb(Object(Config\Paths))
CRITICAL - 2024-10-07 07:29:28 --> TypeError: App\Controllers\Home::index(): Return value must be of type string, CodeIgniter\HTTP\RedirectResponse returned
[Method: GET, Route: /]
in APPPATH\Controllers\Home.php on line 12.
 1 FCPATH\vendor\codeigniter4\framework\system\CodeIgniter.php(933): App\Controllers\Home->index()
 2 FCPATH\vendor\codeigniter4\framework\system\CodeIgniter.php(509): CodeIgniter\CodeIgniter->runController(Object(App\Controllers\Home))
 3 FCPATH\vendor\codeigniter4\framework\system\CodeIgniter.php(355): CodeIgniter\CodeIgniter->handleRequest(null, Object(Config\Cache), false)
 4 SYSTEMPATH\Boot.php(325): CodeIgniter\CodeIgniter->run()
 5 SYSTEMPATH\Boot.php(67): CodeIgniter\Boot::runCodeIgniter(Object(CodeIgniter\CodeIgniter))
 6 FCPATH\index.php(56): CodeIgniter\Boot::bootWeb(Object(Config\Paths))
